<?xml version="1.0" encoding="UTF-8"?>
<!-- Generated by org.testng.reporters.JUnitXMLReporter -->
<testsuite ignored="0" hostname="ananda-PC" failures="0" tests="3" name="parallelTests1" time="68.865" errors="0" timestamp="2021-06-26T20:51:49 IST">
  <testcase classname="TestNGCode.RunningParallelTests1" name="test1" time="19.299"/>
  <testcase classname="TestNGCode.RunningParallelTests1" name="test2" time="14.676"/>
  <testcase classname="TestNGCode.RunningParallelTests1" name="test3" time="10.818"/>
</testsuite> <!-- parallelTests1 -->
