<?xml version="1.0" encoding="UTF-8"?>
<!-- Generated by org.testng.reporters.JUnitXMLReporter -->
<testsuite ignored="0" hostname="ananda-PC" failures="0" tests="5" name="parallelClasses" time="81.586" errors="0" timestamp="2021-06-26T20:47:41 IST">
  <testcase classname="TestNGCode.RunningParallelClasses2" name="class2test1" time="32.196"/>
  <testcase classname="TestNGCode.RunningParallelClasses1" name="test1" time="34.914"/>
  <testcase classname="TestNGCode.RunningParallelClasses1" name="test2" time="14.49"/>
  <testcase classname="TestNGCode.RunningParallelClasses2" name="class2test2" time="15.666"/>
  <testcase classname="TestNGCode.RunningParallelClasses1" name="test3" time="10.765"/>
</testsuite> <!-- parallelClasses -->
