<?xml version="1.0" encoding="UTF-8"?>
<!-- Generated by org.testng.reporters.JUnitXMLReporter -->
<testsuite ignored="0" hostname="ananda-PC" failures="0" tests="3" name="parallelMethods" time="121.052" errors="0" timestamp="2021-07-07T21:49:10 IST">
  <testcase classname="TestNGCode.RunningParallelMethods" name="test2" time="71.787"/>
  <testcase classname="TestNGCode.RunningParallelMethods" name="test3" time="80.554"/>
  <testcase classname="TestNGCode.RunningParallelMethods" name="test1" time="89.817"/>
</testsuite> <!-- parallelMethods -->
