<?xml version="1.0" encoding="UTF-8"?>
<testng-results ignored="0" total="3" passed="3" failed="0" skipped="0">
  <reporter-output>
  </reporter-output>
  <suite started-at="2021-07-07T21:47:03 IST" name="ParallelSuite" finished-at="2021-07-07T21:49:04 IST" duration-ms="121052">
    <groups>
    </groups>
    <test started-at="2021-07-07T21:47:03 IST" name="parallelMethods" finished-at="2021-07-07T21:49:04 IST" duration-ms="121052">
      <class name="TestNGCode.RunningParallelMethods">
        <test-method is-config="true" signature="startBrowser()[pri:0, instance:TestNGCode.RunningParallelMethods@747edf66]" started-at="2021-07-07T21:47:03 IST" name="startBrowser" finished-at="2021-07-07T21:47:23 IST" duration-ms="20107" status="PASS">
          <reporter-output>
          </reporter-output>
        </test-method> <!-- startBrowser -->
        <test-method is-config="true" signature="startBrowser()[pri:0, instance:TestNGCode.RunningParallelMethods@747edf66]" started-at="2021-07-07T21:47:03 IST" name="startBrowser" finished-at="2021-07-07T21:47:22 IST" duration-ms="19260" status="PASS">
          <reporter-output>
          </reporter-output>
        </test-method> <!-- startBrowser -->
        <test-method is-config="true" signature="startBrowser()[pri:0, instance:TestNGCode.RunningParallelMethods@747edf66]" started-at="2021-07-07T21:47:03 IST" name="startBrowser" finished-at="2021-07-07T21:47:23 IST" duration-ms="20077" status="PASS">
          <reporter-output>
          </reporter-output>
        </test-method> <!-- startBrowser -->
        <test-method signature="test2()[pri:0, instance:TestNGCode.RunningParallelMethods@747edf66]" started-at="2021-07-07T21:47:22 IST" name="test2" finished-at="2021-07-07T21:48:34 IST" duration-ms="71787" status="PASS">
          <reporter-output>
          </reporter-output>
        </test-method> <!-- test2 -->
        <test-method signature="test3()[pri:0, instance:TestNGCode.RunningParallelMethods@747edf66]" started-at="2021-07-07T21:47:23 IST" name="test3" finished-at="2021-07-07T21:48:44 IST" duration-ms="80554" status="PASS">
          <reporter-output>
          </reporter-output>
        </test-method> <!-- test3 -->
        <test-method signature="test1()[pri:0, instance:TestNGCode.RunningParallelMethods@747edf66]" started-at="2021-07-07T21:47:23 IST" name="test1" finished-at="2021-07-07T21:48:53 IST" duration-ms="89817" status="PASS">
          <reporter-output>
          </reporter-output>
        </test-method> <!-- test1 -->
        <test-method is-config="true" signature="stopBrowser()[pri:0, instance:TestNGCode.RunningParallelMethods@747edf66]" started-at="2021-07-07T21:48:34 IST" name="stopBrowser" finished-at="2021-07-07T21:48:45 IST" duration-ms="10927" status="PASS">
          <reporter-output>
          </reporter-output>
        </test-method> <!-- stopBrowser -->
        <test-method is-config="true" signature="stopBrowser()[pri:0, instance:TestNGCode.RunningParallelMethods@747edf66]" started-at="2021-07-07T21:48:44 IST" name="stopBrowser" finished-at="2021-07-07T21:48:57 IST" duration-ms="13242" status="PASS">
          <reporter-output>
          </reporter-output>
        </test-method> <!-- stopBrowser -->
        <test-method is-config="true" signature="stopBrowser()[pri:0, instance:TestNGCode.RunningParallelMethods@747edf66]" started-at="2021-07-07T21:48:53 IST" name="stopBrowser" finished-at="2021-07-07T21:49:04 IST" duration-ms="11060" status="PASS">
          <reporter-output>
          </reporter-output>
        </test-method> <!-- stopBrowser -->
      </class> <!-- TestNGCode.RunningParallelMethods -->
    </test> <!-- parallelMethods -->
  </suite> <!-- ParallelSuite -->
</testng-results>
